0 info it worked if it ends with ok
1 verbose cli [ 'C:\\Program Files\\nodejs\\node.exe',
1 verbose cli   'C:\\Users\\TDSUSER01\\AppData\\Roaming\\npm\\node_modules\\npm\\bin\\npm-cli.js',
1 verbose cli   'start' ]
2 info using npm@3.10.10
3 info using node@v9.3.0
4 verbose run-script [ 'prestart', 'start', 'poststart' ]
5 info lifecycle node-easy-notes-app@1.0.0~prestart: node-easy-notes-app@1.0.0
6 silly lifecycle node-easy-notes-app@1.0.0~prestart: no script for prestart, continuing
7 info lifecycle node-easy-notes-app@1.0.0~start: node-easy-notes-app@1.0.0
8 verbose lifecycle node-easy-notes-app@1.0.0~start: unsafe-perm in lifecycle true
9 verbose lifecycle node-easy-notes-app@1.0.0~start: PATH: C:\Users\TDSUSER01\AppData\Roaming\npm\node_modules\npm\bin\node-gyp-bin;D:\chary\deskTDS-New\tdesk\server\node_modules\.bin;C:\Program Files (x86)\scala\bin;C:\spark\bin;C:\Program Files\nodejs\;C:\Program Files (x86)\Brackets\command;C:\Program Files (x86)\Skype\Phone\;C:\Program Files\Git\cmd;C:\Program Files (x86)\Yarn\bin;C:\Program Files\Microsoft SQL Server\110\Tools\Binn\;C:\Python27;C:\Program Files\PuTTY\;C:\spark\bin;C:\Users\TDSUSER01\AppData\Roaming\npm;C:\Program Files\Microsoft VS Code\bin;C:\Program Files (x86)\MongoDB\Server\3.2\bin;C:\Users\TDSUSER01\AppData\Local\Yarn\bin;C:\Python27;
10 verbose lifecycle node-easy-notes-app@1.0.0~start: CWD: D:\chary\deskTDS-New\tdesk\server
11 silly lifecycle node-easy-notes-app@1.0.0~start: Args: [ '/d /s /c', 'node server.js' ]
12 verbose stack Error: kill ENOSYS
12 verbose stack     at Object._errnoException (util.js:999:13)
12 verbose stack     at process.kill (internal/process.js:173:18)
12 verbose stack     at process.listener (C:\Users\TDSUSER01\AppData\Roaming\npm\node_modules\npm\node_modules\npmlog\node_modules\gauge\node_modules\signal-exit\index.js:86:15)
12 verbose stack     at process.emit (events.js:164:20)
12 verbose stack     at processEmit (C:\Users\TDSUSER01\AppData\Roaming\npm\node_modules\npm\node_modules\npmlog\node_modules\gauge\node_modules\signal-exit\index.js:146:32)
12 verbose stack     at processEmit (C:\Users\TDSUSER01\AppData\Roaming\npm\node_modules\npm\node_modules\npm-registry-client\node_modules\npmlog\node_modules\gauge\node_modules\signal-exit\index.js:146:32)
12 verbose stack     at Signal.wrap.onsignal (internal/process.js:198:44)
13 verbose cwd D:\chary\deskTDS-New\tdesk\server
14 error Windows_NT 10.0.15063
15 error argv "C:\\Program Files\\nodejs\\node.exe" "C:\\Users\\TDSUSER01\\AppData\\Roaming\\npm\\node_modules\\npm\\bin\\npm-cli.js" "start"
16 error node v9.3.0
17 error npm  v3.10.10
18 error code ENOSYS
19 error errno ENOSYS
20 error syscall kill
21 error kill ENOSYS
22 error If you need help, you may report this error at:
22 error     <https://github.com/npm/npm/issues>
23 verbose exit [ 1, true ]
